<?xml version="1.0" encoding="UTF-8"?>
<testsuite xmlns:xsi="http://www.w3.org/2001/XMLSchema-instance" xsi:noNamespaceSchemaLocation="https://maven.apache.org/surefire/maven-surefire-plugin/xsd/surefire-test-report.xsd" version="3.0.2" name="com.elearnplatform.omeracademy.OmeracademyApplicationTests" time="9.371" tests="1" errors="0" skipped="0" failures="0">
  <properties>
[...]
</properties>
  <testcase name="contextLoads" classname="com.elearnplatform.omeracademy.OmeracademyApplicationTests" time="0.498">
    <system-out><![CDATA[11:40:06.780 [main] INFO org.springframework.test.context.support.AnnotationConfigContextLoaderUtils -- Could not detect default configuration classes for test class [com.elearnplatform.omeracademy.OmeracademyApplicationTests]: OmeracademyApplicationTests does not declare any static, non-private, non-final, nested classes annotated with @Configuration.
11:40:06.970 [main] INFO org.springframework.boot.test.context.SpringBootTestContextBootstrapper -- Found @SpringBootConfiguration com.elearnplatform.omeracademy.OmeracademyApplication for test class com.elearnplatform.omeracademy.OmeracademyApplicationTests
11:40:07.266 [main] INFO org.springframework.boot.devtools.restart.RestartApplicationListener -- Restart disabled due to context in which it is running

  .   ____          _            __ _ _
 /\\ / ___'_ __ _ _(_)_ __  __ _ \ \ \ \
( ( )\___ | '_ | '_| | '_ \/ _` | \ \ \ \
 \\/  ___)| |_)| | | | | || (_| |  ) ) ) )
  '  |____| .__|_| |_|_| |_\__, | / / / /
 =========|_|==============|___/=/_/_/_/

 :: Spring Boot ::                (v3.5.6)

2025-10-18T11:40:07.687+03:00  INFO 4228 --- [omeracademy] [           main] c.e.o.OmeracademyApplicationTests        : Starting OmeracademyApplicationTests using Java 17.0.14 with PID 4228 (started by Abdu in C:\Projects\My-Github\Omer-Academy)
2025-10-18T11:40:07.689+03:00  INFO 4228 --- [omeracademy] [           main] c.e.o.OmeracademyApplicationTests        : No active profile set, falling back to 1 default profile: "default"
2025-10-18T11:40:09.270+03:00  INFO 4228 --- [omeracademy] [           main] .s.d.r.c.RepositoryConfigurationDelegate : Bootstrapping Spring Data JPA repositories in DEFAULT mode.
2025-10-18T11:40:09.405+03:00  INFO 4228 --- [omeracademy] [           main] .s.d.r.c.RepositoryConfigurationDelegate : Finished Spring Data repository scanning in 111 ms. Found 7 JPA repository interfaces.
2025-10-18T11:40:10.267+03:00  INFO 4228 --- [omeracademy] [           main] o.hibernate.jpa.internal.util.LogHelper  : HHH000204: Processing PersistenceUnitInfo [name: default]
2025-10-18T11:40:10.381+03:00  INFO 4228 --- [omeracademy] [           main] org.hibernate.Version                    : HHH000412: Hibernate ORM core version 6.6.29.Final
2025-10-18T11:40:10.451+03:00  INFO 4228 --- [omeracademy] [           main] o.h.c.internal.RegionFactoryInitiator    : HHH000026: Second-level cache disabled
2025-10-18T11:40:10.983+03:00  INFO 4228 --- [omeracademy] [           main] o.s.o.j.p.SpringPersistenceUnitInfo      : No LoadTimeWeaver setup: ignoring JPA class transformer
2025-10-18T11:40:11.038+03:00  INFO 4228 --- [omeracademy] [           main] com.zaxxer.hikari.HikariDataSource       : HikariPool-1 - Starting...
2025-10-18T11:40:11.624+03:00  INFO 4228 --- [omeracademy] [           main] com.zaxxer.hikari.pool.HikariPool        : HikariPool-1 - Added connection com.mysql.cj.jdbc.ConnectionImpl@688d2a5d
2025-10-18T11:40:11.627+03:00  INFO 4228 --- [omeracademy] [           main] com.zaxxer.hikari.HikariDataSource       : HikariPool-1 - Start completed.
2025-10-18T11:40:11.704+03:00  WARN 4228 --- [omeracademy] [           main] org.hibernate.orm.deprecation            : HHH90000025: MySQL8Dialect does not need to be specified explicitly using 'hibernate.dialect' (remove the property setting and it will be selected by default)
2025-10-18T11:40:11.705+03:00  WARN 4228 --- [omeracademy] [           main] org.hibernate.orm.deprecation            : HHH90000026: MySQL8Dialect has been deprecated; use org.hibernate.dialect.MySQLDialect instead
2025-10-18T11:40:11.740+03:00  INFO 4228 --- [omeracademy] [           main] org.hibernate.orm.connections.pooling    : HHH10001005: Database info:
	Database JDBC URL [Connecting through datasource 'HikariDataSource (HikariPool-1)']
	Database driver: undefined/unknown
	Database version: 8.0
	Autocommit mode: undefined/unknown
	Isolation level: undefined/unknown
	Minimum pool size: undefined/unknown
	Maximum pool size: undefined/unknown
2025-10-18T11:40:13.252+03:00  INFO 4228 --- [omeracademy] [           main] o.h.e.t.j.p.i.JtaPlatformInitiator       : HHH000489: No JTA platform available (set 'hibernate.transaction.jta.platform' to enable JTA platform integration)
2025-10-18T11:40:13.399+03:00  INFO 4228 --- [omeracademy] [           main] j.LocalContainerEntityManagerFactoryBean : Initialized JPA EntityManagerFactory for persistence unit 'default'
2025-10-18T11:40:14.081+03:00  INFO 4228 --- [omeracademy] [           main] eAuthenticationProviderManagerConfigurer : Global AuthenticationManager configured with AuthenticationProvider bean with name authenticationProvider
2025-10-18T11:40:14.092+03:00  WARN 4228 --- [omeracademy] [           main] r$InitializeUserDetailsManagerConfigurer : Global AuthenticationManager configured with an AuthenticationProvider bean. UserDetailsService beans will not be used by Spring Security for automatically configuring username/password login. Consider removing the AuthenticationProvider bean. Alternatively, consider using the UserDetailsService in a manually instantiated DaoAuthenticationProvider. If the current configuration is intentional, to turn off this warning, increase the logging level of 'org.springframework.security.config.annotation.authentication.configuration.InitializeUserDetailsBeanManagerConfigurer' to ERROR
2025-10-18T11:40:14.372+03:00  WARN 4228 --- [omeracademy] [           main] JpaBaseConfiguration$JpaWebConfiguration : spring.jpa.open-in-view is enabled by default. Therefore, database queries may be performed during view rendering. Explicitly configure spring.jpa.open-in-view to disable this warning
2025-10-18T11:40:15.405+03:00  INFO 4228 --- [omeracademy] [           main] c.e.o.OmeracademyApplicationTests        : Started OmeracademyApplicationTests in 8.156 seconds (process running for 9.922)
]]></system-out>
  </testcase>
</testsuite>